#
# A fatal error has been detected by the Java Runtime Environment:
#
#  EXCEPTION_ACCESS_VIOLATION (0xc0000005) at pc=0x00007ffdd3c93e2f, pid=25376, tid=10132
#
# JRE version: Java(TM) SE Runtime Environment 18.9 (11.0.12+8) (build 11.0.12+8-LTS-237)
# Java VM: Java HotSpot(TM) 64-Bit Server VM 18.9 (11.0.12+8-LTS-237, mixed mode, tiered, compressed oops, g1 gc, windows-amd64)
# Problematic frame:
# C  [ig9icd64.dll+0x73e2f]
#
# No core dump will be written. Minidumps are not enabled by default on client versions of Windows
#
# If you would like to submit a bug report, please visit:
#   https://bugreport.java.com/bugreport/crash.jsp
# The crash happened outside the Java Virtual Machine in native code.
# See problematic frame for where to report the bug.
#

---------------  S U M M A R Y ------------

Command Line: -Dfile.encoding=windows-1252 -Duser.country=US -Duser.language=en -Duser.variant -ea Main

Host: Intel(R) Core(TM) i7-8550U CPU @ 1.80GHz, 8 cores, 15G,  Windows 10 , 64 bit Build 22000 (10.0.22000.434)
Time: Tue Mar 29 16:28:59 2022 Pacific Daylight Time elapsed time: 4.227143 seconds (0d 0h 0m 4s)

---------------  T H R E A D  ---------------

Current thread (0x00000272d25de800):  JavaThread "main" [_thread_in_native, id=10132, stack(0x000000ae3d900000,0x000000ae3da00000)]

Stack: [0x000000ae3d900000,0x000000ae3da00000],  sp=0x000000ae3d9fdd50,  free space=1015k
Native frames: (J=compiled Java code, j=interpreted, Vv=VM code, C=native code)
C  [ig9icd64.dll+0x73e2f]

Java frames: (J=compiled Java code, j=interpreted, Vv=VM code)
j  org.lwjgl.opengl.GL11C.nglTexImage2D(IIIIIIIIJ)V+0
j  org.lwjgl.opengl.GL11C.glTexImage2D(IIIIIIIILjava/nio/ByteBuffer;)V+17
j  org.lwjgl.opengl.GL11.glTexImage2D(IIIIIIIILjava/nio/ByteBuffer;)V+14
J 1883% c2 fontrenderer.Fonts.CFont.uploadTexture(Ljava/awt/image/BufferedImage;)V (224 bytes) @ 0x00000272e261fce8 [0x00000272e261f9a0+0x0000000000000348]
j  fontrenderer.Fonts.CFont.generateBitmap()V+401
j  fontrenderer.Fonts.CFont.<init>(Ljava/lang/String;I)V+26
j  components.FontRenderer.start()V+17
j  jade.GameObject.start()V+28
j  scenes.Scene.start()V+30
j  jade.Window.changeScene(Lscenes/SceneInitializer;)V+48
j  jade.Window.init()V+265
j  jade.Window.run()V+15
j  Main.main([Ljava/lang/String;)V+5
v  ~StubRoutines::call_stub

siginfo: EXCEPTION_ACCESS_VIOLATION (0xc0000005), reading address 0x0000027293dc8000


Register to memory mapping:

RIP=0x00007ffdd3c93e2f ig9icd64.dll
RAX=0x0000000000000018 is an unknown value
RBX=0x00000272962b0000 points into unknown readable memory: 0x0000000000000000 | 00 00 00 00 00 00 00 00
RCX=0x0 is NULL
RDX=0x0000027293dc7fd8 points into unknown readable memory: 0x0000000000000000 | 00 00 00 00 00 00 00 00
RSP=0x000000ae3d9fdd50 is pointing into the stack for thread: 0x00000272d25de800
RBP=0x000000ae3d9fde80 is pointing into the stack for thread: 0x00000272d25de800
RSI=0x0000000000004424 is an unknown value
RDI=0x00000272962b0b80 points into unknown readable memory: 0x0000000000000000 | 00 00 00 00 00 00 00 00
R8 =0x0000000000004424 is an unknown value
R9 =0x0000000000000088 is an unknown value
R10=0x0000000000000018 is an unknown value
R11=0x0000000000000855 is an unknown value
R12=0x00000000000001c1 is an unknown value
R13=0x00000272962b0000 points into unknown readable memory: 0x0000000000000000 | 00 00 00 00 00 00 00 00
R14=0x000000ae3d9fe130 is pointing into the stack for thread: 0x00000272d25de800
R15=0x00007ffdd3c20000 ig9icd64.dll


Registers:
RAX=0x0000000000000018, RBX=0x00000272962b0000, RCX=0x0000000000000000, RDX=0x0000027293dc7fd8
RSP=0x000000ae3d9fdd50, RBP=0x000000ae3d9fde80, RSI=0x0000000000004424, RDI=0x00000272962b0b80
R8 =0x0000000000004424, R9 =0x0000000000000088, R10=0x0000000000000018, R11=0x0000000000000855
R12=0x00000000000001c1, R13=0x00000272962b0000, R14=0x000000ae3d9fe130, R15=0x00007ffdd3c20000
RIP=0x00007ffdd3c93e2f, EFLAGS=0x0000000000010207

Top of Stack: (sp=0x000000ae3d9fdd50)
0x000000ae3d9fdd50:   000000000000001a 0000000000000000
0x000000ae3d9fdd60:   000000003f800000 0000000000000000
0x000000ae3d9fdd70:   0000027293dc7458 00007ffdd45f8173
0x000000ae3d9fdd80:   0000000000000001 000000ae3d9fde80
0x000000ae3d9fdd90:   0000000000000000 0000000000000000
0x000000ae3d9fdda0:   0800000020090049 000000ae00000001
0x000000ae3d9fddb0:   0000027293dc7458 0000000000000000
0x000000ae3d9fddc0:   0000000000000001 0000000000000001
0x000000ae3d9fddd0:   0000000000000001 0000000000000001
0x000000ae3d9fdde0:   00000272f70dee80 00007ffdd4608d67
0x000000ae3d9fddf0:   0000000000000000 00007ffdd4b51160
0x000000ae3d9fde00:   0000000000000000 00000272d02b0200
0x000000ae3d9fde10:   000000ae3d9fe0d8 0000027200001101
0x000000ae3d9fde20:   000000ae3d9fdee0 0000000000000001
0x000000ae3d9fde30:   0000000000000001 0000000000000050
0x000000ae3d9fde40:   0000000000000001 0000000000000001 

Instructions: (pc=0x00007ffdd3c93e2f)
0x00007ffdd3c93e0f:   00 00 4d 85 c9 74 6b 66 66 0f 1f 84 00 00 00 00
0x00007ffdd3c93e1f:   00 f3 0f 6f 02 41 ff c2 f3 0f 6f 4a 10 41 8b c2
0x00007ffdd3c93e2f:   f3 0f 6f 52 20 f3 0f 6f 5a 30 f3 0f 6f 62 40 f3
0x00007ffdd3c93e3f:   0f 6f 6a 50 f3 0f 6f 72 60 f3 0f 6f 7a 70 66 0f 


Stack slot to memory mapping:
stack at sp + 0 slots: 0x000000000000001a is an unknown value
stack at sp + 1 slots: 0x0 is NULL
stack at sp + 2 slots: 0x000000003f800000 is an unknown value
stack at sp + 3 slots: 0x0 is NULL
stack at sp + 4 slots: 0x0000027293dc7458 points into unknown readable memory: 0x0000000000000000 | 00 00 00 00 00 00 00 00
stack at sp + 5 slots: 0x00007ffdd45f8173 ig9icd64.dll
stack at sp + 6 slots: 0x0000000000000001 is an unknown value
stack at sp + 7 slots: 0x000000ae3d9fde80 is pointing into the stack for thread: 0x00000272d25de800


---------------  P R O C E S S  ---------------

Threads class SMR info:
_java_thread_list=0x00000272f73dd1b0, length=13, elements={
0x00000272d25de800, 0x00000272f5ffe000, 0x00000272f5fff800, 0x00000272f6918800,
0x00000272f6919800, 0x00000272f691a800, 0x00000272f602e800, 0x00000272f6922000,
0x00000272f6923800, 0x00000272f6aa2000, 0x00000272804ff800, 0x0000027280611000,
0x0000027290c25800
}

Java Threads: ( => current thread )
=>0x00000272d25de800 JavaThread "main" [_thread_in_native, id=10132, stack(0x000000ae3d900000,0x000000ae3da00000)]
  0x00000272f5ffe000 JavaThread "Reference Handler" daemon [_thread_blocked, id=33624, stack(0x000000ae3e000000,0x000000ae3e100000)]
  0x00000272f5fff800 JavaThread "Finalizer" daemon [_thread_blocked, id=6652, stack(0x000000ae3e100000,0x000000ae3e200000)]
  0x00000272f6918800 JavaThread "Signal Dispatcher" daemon [_thread_blocked, id=30588, stack(0x000000ae3e200000,0x000000ae3e300000)]
  0x00000272f6919800 JavaThread "Attach Listener" daemon [_thread_blocked, id=17376, stack(0x000000ae3e300000,0x000000ae3e400000)]
  0x00000272f691a800 JavaThread "Service Thread" daemon [_thread_blocked, id=33300, stack(0x000000ae3e400000,0x000000ae3e500000)]
  0x00000272f602e800 JavaThread "C2 CompilerThread0" daemon [_thread_blocked, id=32560, stack(0x000000ae3e500000,0x000000ae3e600000)]
  0x00000272f6922000 JavaThread "C1 CompilerThread0" daemon [_thread_blocked, id=35532, stack(0x000000ae3e600000,0x000000ae3e700000)]
  0x00000272f6923800 JavaThread "Sweeper thread" daemon [_thread_blocked, id=29868, stack(0x000000ae3e700000,0x000000ae3e800000)]
  0x00000272f6aa2000 JavaThread "Common-Cleaner" daemon [_thread_blocked, id=19404, stack(0x000000ae3e900000,0x000000ae3ea00000)]
  0x00000272804ff800 JavaThread "Java2D Disposer" daemon [_thread_blocked, id=34548, stack(0x000000ae3f500000,0x000000ae3f600000)]
  0x0000027280611000 JavaThread "AWT-Windows" daemon [_thread_in_native, id=30612, stack(0x000000ae3f800000,0x000000ae3f900000)]
  0x0000027290c25800 JavaThread "C2 CompilerThread1" daemon [_thread_blocked, id=24404, stack(0x000000ae3f600000,0x000000ae3f700000)]

Other Threads:
  0x00000272f6025800 VMThread "VM Thread" [stack: 0x000000ae3df00000,0x000000ae3e000000] [id=20444]
  0x00000272f6aaa800 WatcherThread [stack: 0x000000ae3e800000,0x000000ae3e900000] [id=4496]
  0x00000272d25f4800 GCTaskThread "GC Thread#0" [stack: 0x000000ae3da00000,0x000000ae3db00000] [id=32016]
  0x0000027280723800 GCTaskThread "GC Thread#1" [stack: 0x000000ae3f000000,0x000000ae3f100000] [id=18840]
  0x0000027280724800 GCTaskThread "GC Thread#2" [stack: 0x000000ae3f100000,0x000000ae3f200000] [id=11752]
  0x0000027280731800 GCTaskThread "GC Thread#3" [stack: 0x000000ae3f200000,0x000000ae3f300000] [id=16936]
  0x0000027280732000 GCTaskThread "GC Thread#4" [stack: 0x000000ae3f300000,0x000000ae3f400000] [id=26384]
  0x0000027280764800 GCTaskThread "GC Thread#5" [stack: 0x000000ae3f400000,0x000000ae3f500000] [id=32216]
  0x00000272d2652800 ConcurrentGCThread "G1 Main Marker" [stack: 0x000000ae3db00000,0x000000ae3dc00000] [id=3668]
  0x00000272d2654000 ConcurrentGCThread "G1 Conc#0" [stack: 0x000000ae3dc00000,0x000000ae3dd00000] [id=1568]
  0x000002728074d000 ConcurrentGCThread "G1 Conc#1" [stack: 0x000000ae3f900000,0x000000ae3fa00000] [id=13688]
  0x00000272f5eea000 ConcurrentGCThread "G1 Refine#0" [stack: 0x000000ae3dd00000,0x000000ae3de00000] [id=18168]
  0x00000272f5eec000 ConcurrentGCThread "G1 Young RemSet Sampling" [stack: 0x000000ae3de00000,0x000000ae3df00000] [id=24892]

Threads with active compile tasks:

VM state:not at safepoint (normal execution)

VM Mutex/Monitor currently owned by a thread: None

Heap address: 0x0000000702000000, size: 4064 MB, Compressed Oops mode: Zero based, Oop shift amount: 3
Narrow klass base: 0x0000000800000000, Narrow klass shift: 0
Compressed class space size: 1073741824 Address: 0x0000000800000000

Heap:
 garbage-first heap   total 260096K, used 82171K [0x0000000702000000, 0x0000000800000000)
  region size 1024K, 9 young (9216K), 6 survivors (6144K)
 Metaspace       used 21273K, capacity 21708K, committed 21888K, reserved 1069056K
  class space    used 1655K, capacity 1811K, committed 1920K, reserved 1048576K
Heap Regions: E=young(eden), S=young(survivor), O=old, HS=humongous(starts), HC=humongous(continues), CS=collection set, F=free, A=archive, TAMS=top-at-mark-start (previous, next)
|   0|0x0000000702000000, 0x000000070203ee00, 0x0000000702100000| 24%| O|  |TAMS 0x000000070203ee00, 0x0000000702000000| Untracked 
|   1|0x0000000702100000, 0x0000000702200000, 0x0000000702200000|100%|HS|  |TAMS 0x0000000702200000, 0x0000000702100000| Complete 
|   2|0x0000000702200000, 0x0000000702300000, 0x0000000702300000|100%|HC|  |TAMS 0x0000000702300000, 0x0000000702200000| Complete 
|   3|0x0000000702300000, 0x0000000702400000, 0x0000000702400000|100%|HC|  |TAMS 0x0000000702400000, 0x0000000702300000| Complete 
|   4|0x0000000702400000, 0x0000000702500000, 0x0000000702500000|100%|HC|  |TAMS 0x0000000702500000, 0x0000000702400000| Complete 
|   5|0x0000000702500000, 0x0000000702600000, 0x0000000702600000|100%|HC|  |TAMS 0x0000000702600000, 0x0000000702500000| Complete 
|   6|0x0000000702600000, 0x0000000702700000, 0x0000000702700000|100%|HC|  |TAMS 0x0000000702700000, 0x0000000702600000| Complete 
|   7|0x0000000702700000, 0x0000000702800000, 0x0000000702800000|100%|HC|  |TAMS 0x0000000702800000, 0x0000000702700000| Complete 
|   8|0x0000000702800000, 0x0000000702900000, 0x0000000702900000|100%|HC|  |TAMS 0x0000000702900000, 0x0000000702800000| Complete 
|   9|0x0000000702900000, 0x0000000702a00000, 0x0000000702a00000|100%|HC|  |TAMS 0x0000000702a00000, 0x0000000702900000| Complete 
|  10|0x0000000702a00000, 0x0000000702b00000, 0x0000000702b00000|100%|HC|  |TAMS 0x0000000702b00000, 0x0000000702a00000| Complete 
|  11|0x0000000702b00000, 0x0000000702c00000, 0x0000000702c00000|100%|HC|  |TAMS 0x0000000702c00000, 0x0000000702b00000| Complete 
|  12|0x0000000702c00000, 0x0000000702d00000, 0x0000000702d00000|100%|HC|  |TAMS 0x0000000702d00000, 0x0000000702c00000| Complete 
|  13|0x0000000702d00000, 0x0000000702e00000, 0x0000000702e00000|100%|HC|  |TAMS 0x0000000702e00000, 0x0000000702d00000| Complete 
|  14|0x0000000702e00000, 0x0000000702f00000, 0x0000000702f00000|100%|HC|  |TAMS 0x0000000702f00000, 0x0000000702e00000| Complete 
|  15|0x0000000702f00000, 0x0000000703000000, 0x0000000703000000|100%|HC|  |TAMS 0x0000000703000000, 0x0000000702f00000| Complete 
|  16|0x0000000703000000, 0x0000000703100000, 0x0000000703100000|100%|HC|  |TAMS 0x0000000703100000, 0x0000000703000000| Complete 
|  17|0x0000000703100000, 0x0000000703200000, 0x0000000703200000|100%|HC|  |TAMS 0x0000000703200000, 0x0000000703100000| Complete 
|  18|0x0000000703200000, 0x0000000703300000, 0x0000000703300000|100%|HC|  |TAMS 0x0000000703300000, 0x0000000703200000| Complete 
|  19|0x0000000703300000, 0x0000000703400000, 0x0000000703400000|100%|HC|  |TAMS 0x0000000703400000, 0x0000000703300000| Complete 
|  20|0x0000000703400000, 0x0000000703500000, 0x0000000703500000|100%|HC|  |TAMS 0x0000000703500000, 0x0000000703400000| Complete 
|  21|0x0000000703500000, 0x0000000703600000, 0x0000000703600000|100%|HC|  |TAMS 0x0000000703600000, 0x0000000703500000| Complete 
|  22|0x0000000703600000, 0x0000000703700000, 0x0000000703700000|100%|HC|  |TAMS 0x0000000703700000, 0x0000000703600000| Complete 
|  23|0x0000000703700000, 0x0000000703800000, 0x0000000703800000|100%|HC|  |TAMS 0x0000000703800000, 0x0000000703700000| Complete 
|  24|0x0000000703800000, 0x0000000703900000, 0x0000000703900000|100%|HC|  |TAMS 0x0000000703900000, 0x0000000703800000| Complete 
|  25|0x0000000703900000, 0x0000000703a00000, 0x0000000703a00000|100%|HC|  |TAMS 0x0000000703a00000, 0x0000000703900000| Complete 
|  26|0x0000000703a00000, 0x0000000703b00000, 0x0000000703b00000|100%|HC|  |TAMS 0x0000000703b00000, 0x0000000703a00000| Complete 
|  27|0x0000000703b00000, 0x0000000703c00000, 0x0000000703c00000|100%|HC|  |TAMS 0x0000000703c00000, 0x0000000703b00000| Complete 
|  28|0x0000000703c00000, 0x0000000703d00000, 0x0000000703d00000|100%|HC|  |TAMS 0x0000000703d00000, 0x0000000703c00000| Complete 
|  29|0x0000000703d00000, 0x0000000703e00000, 0x0000000703e00000|100%|HC|  |TAMS 0x0000000703e00000, 0x0000000703d00000| Complete 
|  30|0x0000000703e00000, 0x0000000703f00000, 0x0000000703f00000|100%|HC|  |TAMS 0x0000000703f00000, 0x0000000703e00000| Complete 
|  31|0x0000000703f00000, 0x0000000704000000, 0x0000000704000000|100%|HC|  |TAMS 0x0000000704000000, 0x0000000703f00000| Complete 
|  32|0x0000000704000000, 0x0000000704100000, 0x0000000704100000|100%|HC|  |TAMS 0x0000000704100000, 0x0000000704000000| Complete 
|  33|0x0000000704100000, 0x0000000704200000, 0x0000000704200000|100%|HC|  |TAMS 0x0000000704200000, 0x0000000704100000| Complete 
|  34|0x0000000704200000, 0x0000000704300000, 0x0000000704300000|100%|HC|  |TAMS 0x0000000704300000, 0x0000000704200000| Complete 
|  35|0x0000000704300000, 0x0000000704400000, 0x0000000704400000|100%|HC|  |TAMS 0x0000000704400000, 0x0000000704300000| Complete 
|  36|0x0000000704400000, 0x0000000704500000, 0x0000000704500000|100%|HC|  |TAMS 0x0000000704500000, 0x0000000704400000| Complete 
|  37|0x0000000704500000, 0x0000000704600000, 0x0000000704600000|100%|HS|  |TAMS 0x0000000704500000, 0x0000000704500000| Complete 
|  38|0x0000000704600000, 0x0000000704700000, 0x0000000704700000|100%|HC|  |TAMS 0x0000000704600000, 0x0000000704600000| Complete 
|  39|0x0000000704700000, 0x0000000704800000, 0x0000000704800000|100%|HC|  |TAMS 0x0000000704700000, 0x0000000704700000| Complete 
|  40|0x0000000704800000, 0x0000000704900000, 0x0000000704900000|100%|HC|  |TAMS 0x0000000704800000, 0x0000000704800000| Complete 
|  41|0x0000000704900000, 0x0000000704a00000, 0x0000000704a00000|100%|HC|  |TAMS 0x0000000704900000, 0x0000000704900000| Complete 
|  42|0x0000000704a00000, 0x0000000704b00000, 0x0000000704b00000|100%|HC|  |TAMS 0x0000000704a00000, 0x0000000704a00000| Complete 
|  43|0x0000000704b00000, 0x0000000704c00000, 0x0000000704c00000|100%|HC|  |TAMS 0x0000000704b00000, 0x0000000704b00000| Complete 
|  44|0x0000000704c00000, 0x0000000704d00000, 0x0000000704d00000|100%|HC|  |TAMS 0x0000000704c00000, 0x0000000704c00000| Complete 
|  45|0x0000000704d00000, 0x0000000704e00000, 0x0000000704e00000|100%|HC|  |TAMS 0x0000000704d00000, 0x0000000704d00000| Complete 
|  46|0x0000000704e00000, 0x0000000704f00000, 0x0000000704f00000|100%|HC|  |TAMS 0x0000000704e00000, 0x0000000704e00000| Complete 
|  47|0x0000000704f00000, 0x0000000705000000, 0x0000000705000000|100%|HC|  |TAMS 0x0000000704f00000, 0x0000000704f00000| Complete 
|  48|0x0000000705000000, 0x0000000705100000, 0x0000000705100000|100%|HC|  |TAMS 0x0000000705000000, 0x0000000705000000| Complete 
|  49|0x0000000705100000, 0x0000000705200000, 0x0000000705200000|100%|HC|  |TAMS 0x0000000705100000, 0x0000000705100000| Complete 
|  50|0x0000000705200000, 0x0000000705300000, 0x0000000705300000|100%|HC|  |TAMS 0x0000000705200000, 0x0000000705200000| Complete 
|  51|0x0000000705300000, 0x0000000705400000, 0x0000000705400000|100%|HC|  |TAMS 0x0000000705300000, 0x0000000705300000| Complete 
|  52|0x0000000705400000, 0x0000000705500000, 0x0000000705500000|100%|HC|  |TAMS 0x0000000705400000, 0x0000000705400000| Complete 
|  53|0x0000000705500000, 0x0000000705600000, 0x0000000705600000|100%|HC|  |TAMS 0x0000000705500000, 0x0000000705500000| Complete 
|  54|0x0000000705600000, 0x0000000705700000, 0x0000000705700000|100%|HC|  |TAMS 0x0000000705600000, 0x0000000705600000| Complete 
|  55|0x0000000705700000, 0x0000000705800000, 0x0000000705800000|100%|HC|  |TAMS 0x0000000705700000, 0x0000000705700000| Complete 
|  56|0x0000000705800000, 0x0000000705900000, 0x0000000705900000|100%|HC|  |TAMS 0x0000000705800000, 0x0000000705800000| Complete 
|  57|0x0000000705900000, 0x0000000705a00000, 0x0000000705a00000|100%|HC|  |TAMS 0x0000000705900000, 0x0000000705900000| Complete 
|  58|0x0000000705a00000, 0x0000000705b00000, 0x0000000705b00000|100%|HC|  |TAMS 0x0000000705a00000, 0x0000000705a00000| Complete 
|  59|0x0000000705b00000, 0x0000000705c00000, 0x0000000705c00000|100%|HC|  |TAMS 0x0000000705b00000, 0x0000000705b00000| Complete 
|  60|0x0000000705c00000, 0x0000000705d00000, 0x0000000705d00000|100%|HC|  |TAMS 0x0000000705c00000, 0x0000000705c00000| Complete 
|  61|0x0000000705d00000, 0x0000000705e00000, 0x0000000705e00000|100%|HC|  |TAMS 0x0000000705d00000, 0x0000000705d00000| Complete 
|  62|0x0000000705e00000, 0x0000000705f00000, 0x0000000705f00000|100%|HC|  |TAMS 0x0000000705e00000, 0x0000000705e00000| Complete 
|  63|0x0000000705f00000, 0x0000000706000000, 0x0000000706000000|100%|HC|  |TAMS 0x0000000705f00000, 0x0000000705f00000| Complete 
|  64|0x0000000706000000, 0x0000000706100000, 0x0000000706100000|100%|HC|  |TAMS 0x0000000706000000, 0x0000000706000000| Complete 
|  65|0x0000000706100000, 0x0000000706200000, 0x0000000706200000|100%|HC|  |TAMS 0x0000000706100000, 0x0000000706100000| Complete 
|  66|0x0000000706200000, 0x0000000706300000, 0x0000000706300000|100%|HC|  |TAMS 0x0000000706200000, 0x0000000706200000| Complete 
|  67|0x0000000706300000, 0x0000000706400000, 0x0000000706400000|100%|HC|  |TAMS 0x0000000706300000, 0x0000000706300000| Complete 
|  68|0x0000000706400000, 0x0000000706500000, 0x0000000706500000|100%|HC|  |TAMS 0x0000000706400000, 0x0000000706400000| Complete 
|  69|0x0000000706500000, 0x0000000706600000, 0x0000000706600000|100%|HC|  |TAMS 0x0000000706500000, 0x0000000706500000| Complete 
|  70|0x0000000706600000, 0x0000000706700000, 0x0000000706700000|100%|HC|  |TAMS 0x0000000706600000, 0x0000000706600000| Complete 
|  71|0x0000000706700000, 0x0000000706800000, 0x0000000706800000|100%|HC|  |TAMS 0x0000000706700000, 0x0000000706700000| Complete 
|  72|0x0000000706800000, 0x0000000706900000, 0x0000000706900000|100%|HC|  |TAMS 0x0000000706800000, 0x0000000706800000| Complete 
|  73|0x0000000706900000, 0x0000000706900000, 0x0000000706a00000|  0%| F|  |TAMS 0x0000000706900000, 0x0000000706900000| Untracked 
|  74|0x0000000706a00000, 0x0000000706a00000, 0x0000000706b00000|  0%| F|  |TAMS 0x0000000706a00000, 0x0000000706a00000| Untracked 
|  75|0x0000000706b00000, 0x0000000706b00000, 0x0000000706c00000|  0%| F|  |TAMS 0x0000000706b00000, 0x0000000706b00000| Untracked 
|  76|0x0000000706c00000, 0x0000000706c00000, 0x0000000706d00000|  0%| F|  |TAMS 0x0000000706c00000, 0x0000000706c00000| Untracked 
|  77|0x0000000706d00000, 0x0000000706d00000, 0x0000000706e00000|  0%| F|  |TAMS 0x0000000706d00000, 0x0000000706d00000| Untracked 
|  78|0x0000000706e00000, 0x0000000706e00000, 0x0000000706f00000|  0%| F|  |TAMS 0x0000000706e00000, 0x0000000706e00000| Untracked 
|  79|0x0000000706f00000, 0x0000000706f00000, 0x0000000707000000|  0%| F|  |TAMS 0x0000000706f00000, 0x0000000706f00000| Untracked 
|  80|0x0000000707000000, 0x0000000707000000, 0x0000000707100000|  0%| F|  |TAMS 0x0000000707000000, 0x0000000707000000| Untracked 
|  81|0x0000000707100000, 0x0000000707100000, 0x0000000707200000|  0%| F|  |TAMS 0x0000000707100000, 0x0000000707100000| Untracked 
|  82|0x0000000707200000, 0x0000000707200000, 0x0000000707300000|  0%| F|  |TAMS 0x0000000707200000, 0x0000000707200000| Untracked 
|  83|0x0000000707300000, 0x0000000707300000, 0x0000000707400000|  0%| F|  |TAMS 0x0000000707300000, 0x0000000707300000| Untracked 
|  84|0x0000000707400000, 0x0000000707400000, 0x0000000707500000|  0%| F|  |TAMS 0x0000000707400000, 0x0000000707400000| Untracked 
|  85|0x0000000707500000, 0x0000000707500000, 0x0000000707600000|  0%| F|  |TAMS 0x0000000707500000, 0x0000000707500000| Untracked 
|  86|0x0000000707600000, 0x0000000707600000, 0x0000000707700000|  0%| F|  |TAMS 0x0000000707600000, 0x0000000707600000| Untracked 
|  87|0x0000000707700000, 0x0000000707700000, 0x0000000707800000|  0%| F|  |TAMS 0x0000000707700000, 0x0000000707700000| Untracked 
|  88|0x0000000707800000, 0x0000000707800000, 0x0000000707900000|  0%| F|  |TAMS 0x0000000707800000, 0x0000000707800000| Untracked 
|  89|0x0000000707900000, 0x0000000707900000, 0x0000000707a00000|  0%| F|  |TAMS 0x0000000707900000, 0x0000000707900000| Untracked 
|  90|0x0000000707a00000, 0x0000000707a00000, 0x0000000707b00000|  0%| F|  |TAMS 0x0000000707a00000, 0x0000000707a00000| Untracked 
|  91|0x0000000707b00000, 0x0000000707b00000, 0x0000000707c00000|  0%| F|  |TAMS 0x0000000707b00000, 0x0000000707b00000| Untracked 
|  92|0x0000000707c00000, 0x0000000707c00000, 0x0000000707d00000|  0%| F|  |TAMS 0x0000000707c00000, 0x0000000707c00000| Untracked 
|  93|0x0000000707d00000, 0x0000000707d00000, 0x0000000707e00000|  0%| F|  |TAMS 0x0000000707d00000, 0x0000000707d00000| Untracked 
|  94|0x0000000707e00000, 0x0000000707e00000, 0x0000000707f00000|  0%| F|  |TAMS 0x0000000707e00000, 0x0000000707e00000| Untracked 
|  95|0x0000000707f00000, 0x0000000707f00000, 0x0000000708000000|  0%| F|  |TAMS 0x0000000707f00000, 0x0000000707f00000| Untracked 
|  96|0x0000000708000000, 0x0000000708000000, 0x0000000708100000|  0%| F|  |TAMS 0x0000000708000000, 0x0000000708000000| Untracked 
|  97|0x0000000708100000, 0x0000000708100000, 0x0000000708200000|  0%| F|  |TAMS 0x0000000708100000, 0x0000000708100000| Untracked 
|  98|0x0000000708200000, 0x0000000708200000, 0x0000000708300000|  0%| F|  |TAMS 0x0000000708200000, 0x0000000708200000| Untracked 
|  99|0x0000000708300000, 0x0000000708300000, 0x0000000708400000|  0%| F|  |TAMS 0x0000000708300000, 0x0000000708300000| Untracked 
| 100|0x0000000708400000, 0x0000000708400000, 0x0000000708500000|  0%| F|  |TAMS 0x0000000708400000, 0x0000000708400000| Untracked 
| 101|0x0000000708500000, 0x0000000708500000, 0x0000000708600000|  0%| F|  |TAMS 0x0000000708500000, 0x0000000708500000| Untracked 
| 102|0x0000000708600000, 0x0000000708600000, 0x0000000708700000|  0%| F|  |TAMS 0x0000000708600000, 0x0000000708600000| Untracked 
| 103|0x0000000708700000, 0x0000000708700000, 0x0000000708800000|  0%| F|  |TAMS 0x0000000708700000, 0x0000000708700000| Untracked 
| 104|0x0000000708800000, 0x0000000708800000, 0x0000000708900000|  0%| F|  |TAMS 0x0000000708800000, 0x0000000708800000| Untracked 
| 105|0x0000000708900000, 0x0000000708900000, 0x0000000708a00000|  0%| F|  |TAMS 0x0000000708900000, 0x0000000708900000| Untracked 
| 106|0x0000000708a00000, 0x0000000708a00000, 0x0000000708b00000|  0%| F|  |TAMS 0x0000000708a00000, 0x0000000708a00000| Untracked 
| 107|0x0000000708b00000, 0x0000000708b00000, 0x0000000708c00000|  0%| F|  |TAMS 0x0000000708b00000, 0x0000000708b00000| Untracked 
| 108|0x0000000708c00000, 0x0000000708c00000, 0x0000000708d00000|  0%| F|  |TAMS 0x0000000708c00000, 0x0000000708c00000| Untracked 
| 109|0x0000000708d00000, 0x0000000708d00000, 0x0000000708e00000|  0%| F|  |TAMS 0x0000000708d00000, 0x0000000708d00000| Untracked 
| 110|0x0000000708e00000, 0x0000000708e00000, 0x0000000708f00000|  0%| F|  |TAMS 0x0000000708e00000, 0x0000000708e00000| Untracked 
| 111|0x0000000708f00000, 0x0000000708f00000, 0x0000000709000000|  0%| F|  |TAMS 0x0000000708f00000, 0x0000000708f00000| Untracked 
| 112|0x0000000709000000, 0x0000000709000000, 0x0000000709100000|  0%| F|  |TAMS 0x0000000709000000, 0x0000000709000000| Untracked 
| 113|0x0000000709100000, 0x0000000709100000, 0x0000000709200000|  0%| F|  |TAMS 0x0000000709100000, 0x0000000709100000| Untracked 
| 114|0x0000000709200000, 0x0000000709200000, 0x0000000709300000|  0%| F|  |TAMS 0x0000000709200000, 0x0000000709200000| Untracked 
| 115|0x0000000709300000, 0x0000000709300000, 0x0000000709400000|  0%| F|  |TAMS 0x0000000709300000, 0x0000000709300000| Untracked 
| 116|0x0000000709400000, 0x0000000709400000, 0x0000000709500000|  0%| F|  |TAMS 0x0000000709400000, 0x0000000709400000| Untracked 
| 117|0x0000000709500000, 0x0000000709500000, 0x0000000709600000|  0%| F|  |TAMS 0x0000000709500000, 0x0000000709500000| Untracked 
| 118|0x0000000709600000, 0x0000000709600000, 0x0000000709700000|  0%| F|  |TAMS 0x0000000709600000, 0x0000000709600000| Untracked 
| 119|0x0000000709700000, 0x0000000709700000, 0x0000000709800000|  0%| F|  |TAMS 0x0000000709700000, 0x0000000709700000| Untracked 
| 120|0x0000000709800000, 0x0000000709800000, 0x0000000709900000|  0%| F|  |TAMS 0x0000000709800000, 0x0000000709800000| Untracked 
| 121|0x0000000709900000, 0x0000000709900000, 0x0000000709a00000|  0%| F|  |TAMS 0x0000000709900000, 0x0000000709900000| Untracked 
| 122|0x0000000709a00000, 0x0000000709a00000, 0x0000000709b00000|  0%| F|  |TAMS 0x0000000709a00000, 0x0000000709a00000| Untracked 
| 123|0x0000000709b00000, 0x0000000709b00000, 0x0000000709c00000|  0%| F|  |TAMS 0x0000000709b00000, 0x0000000709b00000| Untracked 
| 124|0x0000000709c00000, 0x0000000709c00000, 0x0000000709d00000|  0%| F|  |TAMS 0x0000000709c00000, 0x0000000709c00000| Untracked 
| 125|0x0000000709d00000, 0x0000000709d00000, 0x0000000709e00000|  0%| F|  |TAMS 0x0000000709d00000, 0x0000000709d00000| Untracked 
| 126|0x0000000709e00000, 0x0000000709e00000, 0x0000000709f00000|  0%| F|  |TAMS 0x0000000709e00000, 0x0000000709e00000| Untracked 
| 127|0x0000000709f00000, 0x0000000709f00000, 0x000000070a000000|  0%| F|  |TAMS 0x0000000709f00000, 0x0000000709f00000| Untracked 
| 128|0x000000070a000000, 0x000000070a000000, 0x000000070a100000|  0%| F|  |TAMS 0x000000070a000000, 0x000000070a000000| Untracked 
| 129|0x000000070a100000, 0x000000070a100000, 0x000000070a200000|  0%| F|  |TAMS 0x000000070a100000, 0x000000070a100000| Untracked 
| 130|0x000000070a200000, 0x000000070a200000, 0x000000070a300000|  0%| F|  |TAMS 0x000000070a200000, 0x000000070a200000| Untracked 
| 131|0x000000070a300000, 0x000000070a300000, 0x000000070a400000|  0%| F|  |TAMS 0x000000070a300000, 0x000000070a300000| Untracked 
| 132|0x000000070a400000, 0x000000070a400000, 0x000000070a500000|  0%| F|  |TAMS 0x000000070a400000, 0x000000070a400000| Untracked 
| 133|0x000000070a500000, 0x000000070a500000, 0x000000070a600000|  0%| F|  |TAMS 0x000000070a500000, 0x000000070a500000| Untracked 
| 134|0x000000070a600000, 0x000000070a600000, 0x000000070a700000|  0%| F|  |TAMS 0x000000070a600000, 0x000000070a600000| Untracked 
| 135|0x000000070a700000, 0x000000070a700000, 0x000000070a800000|  0%| F|  |TAMS 0x000000070a700000, 0x000000070a700000| Untracked 
| 136|0x000000070a800000, 0x000000070a800000, 0x000000070a900000|  0%| F|  |TAMS 0x000000070a800000, 0x000000070a800000| Untracked 
| 137|0x000000070a900000, 0x000000070a900000, 0x000000070aa00000|  0%| F|  |TAMS 0x000000070a900000, 0x000000070a900000| Untracked 
| 138|0x000000070aa00000, 0x000000070aa00000, 0x000000070ab00000|  0%| F|  |TAMS 0x000000070aa00000, 0x000000070aa00000| Untracked 
| 139|0x000000070ab00000, 0x000000070ab00000, 0x000000070ac00000|  0%| F|  |TAMS 0x000000070ab00000, 0x000000070ab00000| Untracked 
| 140|0x000000070ac00000, 0x000000070ac00000, 0x000000070ad00000|  0%| F|  |TAMS 0x000000070ac00000, 0x000000070ac00000| Untracked 
| 141|0x000000070ad00000, 0x000000070ad00000, 0x000000070ae00000|  0%| F|  |TAMS 0x000000070ad00000, 0x000000070ad00000| Untracked 
| 142|0x000000070ae00000, 0x000000070ae00000, 0x000000070af00000|  0%| F|  |TAMS 0x000000070ae00000, 0x000000070ae00000| Untracked 
| 143|0x000000070af00000, 0x000000070af00000, 0x000000070b000000|  0%| F|  |TAMS 0x000000070af00000, 0x000000070af00000| Untracked 
| 144|0x000000070b000000, 0x000000070b000000, 0x000000070b100000|  0%| F|  |TAMS 0x000000070b000000, 0x000000070b000000| Untracked 
| 145|0x000000070b100000, 0x000000070b100000, 0x000000070b200000|  0%| F|  |TAMS 0x000000070b100000, 0x000000070b100000| Untracked 
| 146|0x000000070b200000, 0x000000070b200000, 0x000000070b300000|  0%| F|  |TAMS 0x000000070b200000, 0x000000070b200000| Untracked 
| 147|0x000000070b300000, 0x000000070b300000, 0x000000070b400000|  0%| F|  |TAMS 0x000000070b300000, 0x000000070b300000| Untracked 
| 148|0x000000070b400000, 0x000000070b400000, 0x000000070b500000|  0%| F|  |TAMS 0x000000070b400000, 0x000000070b400000| Untracked 
| 149|0x000000070b500000, 0x000000070b500000, 0x000000070b600000|  0%| F|  |TAMS 0x000000070b500000, 0x000000070b500000| Untracked 
| 150|0x000000070b600000, 0x000000070b600000, 0x000000070b700000|  0%| F|  |TAMS 0x000000070b600000, 0x000000070b600000| Untracked 
| 151|0x000000070b700000, 0x000000070b700000, 0x000000070b800000|  0%| F|  |TAMS 0x000000070b700000, 0x000000070b700000| Untracked 
| 152|0x000000070b800000, 0x000000070b800000, 0x000000070b900000|  0%| F|  |TAMS 0x000000070b800000, 0x000000070b800000| Untracked 
| 153|0x000000070b900000, 0x000000070b900000, 0x000000070ba00000|  0%| F|  |TAMS 0x000000070b900000, 0x000000070b900000| Untracked 
| 154|0x000000070ba00000, 0x000000070ba00000, 0x000000070bb00000|  0%| F|  |TAMS 0x000000070ba00000, 0x000000070ba00000| Untracked 
| 155|0x000000070bb00000, 0x000000070bb00000, 0x000000070bc00000|  0%| F|  |TAMS 0x000000070bb00000, 0x000000070bb00000| Untracked 
| 156|0x000000070bc00000, 0x000000070bc00000, 0x000000070bd00000|  0%| F|  |TAMS 0x000000070bc00000, 0x000000070bc00000| Untracked 
| 157|0x000000070bd00000, 0x000000070bd00000, 0x000000070be00000|  0%| F|  |TAMS 0x000000070bd00000, 0x000000070bd00000| Untracked 
| 158|0x000000070be00000, 0x000000070be00000, 0x000000070bf00000|  0%| F|  |TAMS 0x000000070be00000, 0x000000070be00000| Untracked 
| 159|0x000000070bf00000, 0x000000070bf00000, 0x000000070c000000|  0%| F|  |TAMS 0x000000070bf00000, 0x000000070bf00000| Untracked 
| 160|0x000000070c000000, 0x000000070c000000, 0x000000070c100000|  0%| F|  |TAMS 0x000000070c000000, 0x000000070c000000| Untracked 
| 161|0x000000070c100000, 0x000000070c100000, 0x000000070c200000|  0%| F|  |TAMS 0x000000070c100000, 0x000000070c100000| Untracked 
| 162|0x000000070c200000, 0x000000070c200000, 0x000000070c300000|  0%| F|  |TAMS 0x000000070c200000, 0x000000070c200000| Untracked 
| 163|0x000000070c300000, 0x000000070c300000, 0x000000070c400000|  0%| F|  |TAMS 0x000000070c300000, 0x000000070c300000| Untracked 
| 164|0x000000070c400000, 0x000000070c400000, 0x000000070c500000|  0%| F|  |TAMS 0x000000070c400000, 0x000000070c400000| Untracked 
| 165|0x000000070c500000, 0x000000070c500000, 0x000000070c600000|  0%| F|  |TAMS 0x000000070c500000, 0x000000070c500000| Untracked 
| 166|0x000000070c600000, 0x000000070c600000, 0x000000070c700000|  0%| F|  |TAMS 0x000000070c600000, 0x000000070c600000| Untracked 
| 167|0x000000070c700000, 0x000000070c700000, 0x000000070c800000|  0%| F|  |TAMS 0x000000070c700000, 0x000000070c700000| Untracked 
| 168|0x000000070c800000, 0x000000070c800000, 0x000000070c900000|  0%| F|  |TAMS 0x000000070c800000, 0x000000070c800000| Untracked 
| 169|0x000000070c900000, 0x000000070c900000, 0x000000070ca00000|  0%| F|  |TAMS 0x000000070c900000, 0x000000070c900000| Untracked 
| 170|0x000000070ca00000, 0x000000070ca00000, 0x000000070cb00000|  0%| F|  |TAMS 0x000000070ca00000, 0x000000070ca00000| Untracked 
| 171|0x000000070cb00000, 0x000000070cb00000, 0x000000070cc00000|  0%| F|  |TAMS 0x000000070cb00000, 0x000000070cb00000| Untracked 
| 172|0x000000070cc00000, 0x000000070cc00000, 0x000000070cd00000|  0%| F|  |TAMS 0x000000070cc00000, 0x000000070cc00000| Untracked 
| 173|0x000000070cd00000, 0x000000070cd00000, 0x000000070ce00000|  0%| F|  |TAMS 0x000000070cd00000, 0x000000070cd00000| Untracked 
| 174|0x000000070ce00000, 0x000000070ce00000, 0x000000070cf00000|  0%| F|  |TAMS 0x000000070ce00000, 0x000000070ce00000| Untracked 
| 175|0x000000070cf00000, 0x000000070cf00000, 0x000000070d000000|  0%| F|  |TAMS 0x000000070cf00000, 0x000000070cf00000| Untracked 
| 176|0x000000070d000000, 0x000000070d000000, 0x000000070d100000|  0%| F|  |TAMS 0x000000070d000000, 0x000000070d000000| Untracked 
| 177|0x000000070d100000, 0x000000070d100000, 0x000000070d200000|  0%| F|  |TAMS 0x000000070d100000, 0x000000070d100000| Untracked 
| 178|0x000000070d200000, 0x000000070d200000, 0x000000070d300000|  0%| F|  |TAMS 0x000000070d200000, 0x000000070d200000| Untracked 
| 179|0x000000070d300000, 0x000000070d300000, 0x000000070d400000|  0%| F|  |TAMS 0x000000070d300000, 0x000000070d300000| Untracked 
| 180|0x000000070d400000, 0x000000070d400000, 0x000000070d500000|  0%| F|  |TAMS 0x000000070d400000, 0x000000070d400000| Untracked 
| 181|0x000000070d500000, 0x000000070d500000, 0x000000070d600000|  0%| F|  |TAMS 0x000000070d500000, 0x000000070d500000| Untracked 
| 182|0x000000070d600000, 0x000000070d600000, 0x000000070d700000|  0%| F|  |TAMS 0x000000070d600000, 0x000000070d600000| Untracked 
| 183|0x000000070d700000, 0x000000070d700000, 0x000000070d800000|  0%| F|  |TAMS 0x000000070d700000, 0x000000070d700000| Untracked 
| 184|0x000000070d800000, 0x000000070d800000, 0x000000070d900000|  0%| F|  |TAMS 0x000000070d800000, 0x000000070d800000| Untracked 
| 185|0x000000070d900000, 0x000000070d900000, 0x000000070da00000|  0%| F|  |TAMS 0x000000070d900000, 0x000000070d900000| Untracked 
| 186|0x000000070da00000, 0x000000070da00000, 0x000000070db00000|  0%| F|  |TAMS 0x000000070da00000, 0x000000070da00000| Untracked 
| 187|0x000000070db00000, 0x000000070db00000, 0x000000070dc00000|  0%| F|  |TAMS 0x000000070db00000, 0x000000070db00000| Untracked 
| 188|0x000000070dc00000, 0x000000070dc00000, 0x000000070dd00000|  0%| F|  |TAMS 0x000000070dc00000, 0x000000070dc00000| Untracked 
| 189|0x000000070dd00000, 0x000000070dd00000, 0x000000070de00000|  0%| F|  |TAMS 0x000000070dd00000, 0x000000070dd00000| Untracked 
| 190|0x000000070de00000, 0x000000070de00000, 0x000000070df00000|  0%| F|  |TAMS 0x000000070de00000, 0x000000070de00000| Untracked 
| 191|0x000000070df00000, 0x000000070df00000, 0x000000070e000000|  0%| F|  |TAMS 0x000000070df00000, 0x000000070df00000| Untracked 
| 192|0x000000070e000000, 0x000000070e000000, 0x000000070e100000|  0%| F|  |TAMS 0x000000070e000000, 0x000000070e000000| Untracked 
| 193|0x000000070e100000, 0x000000070e100000, 0x000000070e200000|  0%| F|  |TAMS 0x000000070e100000, 0x000000070e100000| Untracked 
| 194|0x000000070e200000, 0x000000070e200000, 0x000000070e300000|  0%| F|  |TAMS 0x000000070e200000, 0x000000070e200000| Untracked 
| 195|0x000000070e300000, 0x000000070e300000, 0x000000070e400000|  0%| F|  |TAMS 0x000000070e300000, 0x000000070e300000| Untracked 
| 196|0x000000070e400000, 0x000000070e400000, 0x000000070e500000|  0%| F|  |TAMS 0x000000070e400000, 0x000000070e400000| Untracked 
| 197|0x000000070e500000, 0x000000070e500000, 0x000000070e600000|  0%| F|  |TAMS 0x000000070e500000, 0x000000070e500000| Untracked 
| 198|0x000000070e600000, 0x000000070e600000, 0x000000070e700000|  0%| F|  |TAMS 0x000000070e600000, 0x000000070e600000| Untracked 
| 199|0x000000070e700000, 0x000000070e700000, 0x000000070e800000|  0%| F|  |TAMS 0x000000070e700000, 0x000000070e700000| Untracked 
| 200|0x000000070e800000, 0x000000070e800000, 0x000000070e900000|  0%| F|  |TAMS 0x000000070e800000, 0x000000070e800000| Untracked 
| 201|0x000000070e900000, 0x000000070e900000, 0x000000070ea00000|  0%| F|  |TAMS 0x000000070e900000, 0x000000070e900000| Untracked 
| 202|0x000000070ea00000, 0x000000070ea00000, 0x000000070eb00000|  0%| F|  |TAMS 0x000000070ea00000, 0x000000070ea00000| Untracked 
| 203|0x000000070eb00000, 0x000000070eb00000, 0x000000070ec00000|  0%| F|  |TAMS 0x000000070eb00000, 0x000000070eb00000| Untracked 
| 204|0x000000070ec00000, 0x000000070ec00000, 0x000000070ed00000|  0%| F|  |TAMS 0x000000070ec00000, 0x000000070ec00000| Untracked 
| 205|0x000000070ed00000, 0x000000070ed00000, 0x000000070ee00000|  0%| F|  |TAMS 0x000000070ed00000, 0x000000070ed00000| Untracked 
| 206|0x000000070ee00000, 0x000000070ee00000, 0x000000070ef00000|  0%| F|  |TAMS 0x000000070ee00000, 0x000000070ee00000| Untracked 
| 207|0x000000070ef00000, 0x000000070ef00000, 0x000000070f000000|  0%| F|  |TAMS 0x000000070ef00000, 0x000000070ef00000| Untracked 
| 208|0x000000070f000000, 0x000000070f000000, 0x000000070f100000|  0%| F|  |TAMS 0x000000070f000000, 0x000000070f000000| Untracked 
| 209|0x000000070f100000, 0x000000070f100000, 0x000000070f200000|  0%| F|  |TAMS 0x000000070f100000, 0x000000070f100000| Untracked 
| 210|0x000000070f200000, 0x000000070f200000, 0x000000070f300000|  0%| F|  |TAMS 0x000000070f200000, 0x000000070f200000| Untracked 
| 211|0x000000070f300000, 0x000000070f300000, 0x000000070f400000|  0%| F|  |TAMS 0x000000070f300000, 0x000000070f300000| Untracked 
| 212|0x000000070f400000, 0x000000070f400000, 0x000000070f500000|  0%| F|  |TAMS 0x000000070f400000, 0x000000070f400000| Untracked 
| 213|0x000000070f500000, 0x000000070f500000, 0x000000070f600000|  0%| F|  |TAMS 0x000000070f500000, 0x000000070f500000| Untracked 
| 214|0x000000070f600000, 0x000000070f600000, 0x000000070f700000|  0%| F|  |TAMS 0x000000070f600000, 0x000000070f600000| Untracked 
| 215|0x000000070f700000, 0x000000070f700000, 0x000000070f800000|  0%| F|  |TAMS 0x000000070f700000, 0x000000070f700000| Untracked 
| 216|0x000000070f800000, 0x000000070f800000, 0x000000070f900000|  0%| F|  |TAMS 0x000000070f800000, 0x000000070f800000| Untracked 
| 217|0x000000070f900000, 0x000000070f900000, 0x000000070fa00000|  0%| F|  |TAMS 0x000000070f900000, 0x000000070f900000| Untracked 
| 218|0x000000070fa00000, 0x000000070fa00000, 0x000000070fb00000|  0%| F|  |TAMS 0x000000070fa00000, 0x000000070fa00000| Untracked 
| 219|0x000000070fb00000, 0x000000070fb00000, 0x000000070fc00000|  0%| F|  |TAMS 0x000000070fb00000, 0x000000070fb00000| Untracked 
| 220|0x000000070fc00000, 0x000000070fc00000, 0x000000070fd00000|  0%| F|  |TAMS 0x000000070fc00000, 0x000000070fc00000| Untracked 
| 221|0x000000070fd00000, 0x000000070fd00000, 0x000000070fe00000|  0%| F|  |TAMS 0x000000070fd00000, 0x000000070fd00000| Untracked 
| 222|0x000000070fe00000, 0x000000070fe00000, 0x000000070ff00000|  0%| F|  |TAMS 0x000000070fe00000, 0x000000070fe00000| Untracked 
| 223|0x000000070ff00000, 0x000000070ff00000, 0x0000000710000000|  0%| F|  |TAMS 0x000000070ff00000, 0x000000070ff00000| Untracked 
| 224|0x0000000710000000, 0x0000000710000000, 0x0000000710100000|  0%| F|  |TAMS 0x0000000710000000, 0x0000000710000000| Untracked 
| 225|0x0000000710100000, 0x0000000710100000, 0x0000000710200000|  0%| F|  |TAMS 0x0000000710100000, 0x0000000710100000| Untracked 
| 226|0x0000000710200000, 0x0000000710300000, 0x0000000710300000|100%| S|CS|TAMS 0x0000000710200000, 0x0000000710200000| Complete 
| 227|0x0000000710300000, 0x0000000710300000, 0x0000000710400000|  0%| F|  |TAMS 0x0000000710300000, 0x0000000710300000| Untracked 
| 228|0x0000000710400000, 0x0000000710400000, 0x0000000710500000|  0%| F|  |TAMS 0x0000000710400000, 0x0000000710400000| Untracked 
| 229|0x0000000710500000, 0x0000000710500000, 0x0000000710600000|  0%| F|  |TAMS 0x0000000710500000, 0x0000000710500000| Untracked 
| 230|0x0000000710600000, 0x0000000710700000, 0x0000000710700000|100%| S|CS|TAMS 0x0000000710600000, 0x0000000710600000| Complete 
| 231|0x0000000710700000, 0x0000000710800000, 0x0000000710800000|100%| S|CS|TAMS 0x0000000710700000, 0x0000000710700000| Complete 
| 232|0x0000000710800000, 0x0000000710900000, 0x0000000710900000|100%| S|CS|TAMS 0x0000000710800000, 0x0000000710800000| Complete 
| 233|0x0000000710900000, 0x0000000710a00000, 0x0000000710a00000|100%| S|CS|TAMS 0x0000000710900000, 0x0000000710900000| Complete 
| 234|0x0000000710a00000, 0x0000000710b00000, 0x0000000710b00000|100%| S|CS|TAMS 0x0000000710a00000, 0x0000000710a00000| Complete 
| 235|0x0000000710b00000, 0x0000000710b00000, 0x0000000710c00000|  0%| F|  |TAMS 0x0000000710b00000, 0x0000000710b00000| Untracked 
| 236|0x0000000710c00000, 0x0000000710c00000, 0x0000000710d00000|  0%| F|  |TAMS 0x0000000710c00000, 0x0000000710c00000| Untracked 
| 237|0x0000000710d00000, 0x0000000710d00000, 0x0000000710e00000|  0%| F|  |TAMS 0x0000000710d00000, 0x0000000710d00000| Untracked 
| 238|0x0000000710e00000, 0x0000000710e00000, 0x0000000710f00000|  0%| F|  |TAMS 0x0000000710e00000, 0x0000000710e00000| Untracked 
| 239|0x0000000710f00000, 0x0000000710f00000, 0x0000000711000000|  0%| F|  |TAMS 0x0000000710f00000, 0x0000000710f00000| Untracked 
| 240|0x0000000711000000, 0x0000000711000000, 0x0000000711100000|  0%| F|  |TAMS 0x0000000711000000, 0x0000000711000000| Untracked 
| 241|0x0000000711100000, 0x0000000711100000, 0x0000000711200000|  0%| F|  |TAMS 0x0000000711100000, 0x0000000711100000| Untracked 
| 242|0x0000000711200000, 0x0000000711200000, 0x0000000711300000|  0%| F|  |TAMS 0x0000000711200000, 0x0000000711200000| Untracked 
| 243|0x0000000711300000, 0x0000000711300000, 0x0000000711400000|  0%| F|  |TAMS 0x0000000711300000, 0x0000000711300000| Untracked 
| 244|0x0000000711400000, 0x0000000711400000, 0x0000000711500000|  0%| F|  |TAMS 0x0000000711400000, 0x0000000711400000| Untracked 
| 245|0x0000000711500000, 0x0000000711500000, 0x0000000711600000|  0%| F|  |TAMS 0x0000000711500000, 0x0000000711500000| Untracked 
| 246|0x0000000711600000, 0x0000000711600000, 0x0000000711700000|  0%| F|  |TAMS 0x0000000711600000, 0x0000000711600000| Untracked 
| 247|0x0000000711700000, 0x0000000711700000, 0x0000000711800000|  0%| F|  |TAMS 0x0000000711700000, 0x0000000711700000| Untracked 
| 248|0x0000000711800000, 0x0000000711800000, 0x0000000711900000|  0%| F|  |TAMS 0x0000000711800000, 0x0000000711800000| Untracked 
| 249|0x0000000711900000, 0x0000000711900000, 0x0000000711a00000|  0%| F|  |TAMS 0x0000000711900000, 0x0000000711900000| Untracked 
| 250|0x0000000711a00000, 0x0000000711a00000, 0x0000000711b00000|  0%| F|  |TAMS 0x0000000711a00000, 0x0000000711a00000| Untracked 
| 251|0x0000000711b00000, 0x0000000711c00000, 0x0000000711c00000|100%| E|  |TAMS 0x0000000711b00000, 0x0000000711b00000| Complete 
| 252|0x0000000711c00000, 0x0000000711d00000, 0x0000000711d00000|100%| E|CS|TAMS 0x0000000711c00000, 0x0000000711c00000| Complete 
| 253|0x0000000711d00000, 0x0000000711e00000, 0x0000000711e00000|100%| E|CS|TAMS 0x0000000711d00000, 0x0000000711d00000| Complete 

Card table byte_map: [0x00000272ea5c0000,0x00000272eadb0000] _byte_map_base: 0x00000272e6db0000

Marking Bits (Prev, Next): (CMBitMap*) 0x00000272d2641d30, (CMBitMap*) 0x00000272d2641cf8
 Prev Bits: [0x00000272ef520000, 0x00000272f34a0000)
 Next Bits: [0x00000272eb5a0000, 0x00000272ef520000)

Polling page: 0x00000272d0570000

Metaspace:

Usage:
  Non-class:     19.43 MB capacity,    19.16 MB ( 99%) used,   234.26 KB (  1%) free+waste,    44.31 KB ( <1%) overhead. 
      Class:      1.77 MB capacity,     1.62 MB ( 91%) used,   136.79 KB (  8%) free+waste,    18.88 KB (  1%) overhead. 
       Both:     21.20 MB capacity,    20.78 MB ( 98%) used,   371.05 KB (  2%) free+waste,    63.19 KB ( <1%) overhead. 

Virtual space:
  Non-class space:       20.00 MB reserved,      19.50 MB ( 98%) committed 
      Class space:        1.00 GB reserved,       1.88 MB ( <1%) committed 
             Both:        1.02 GB reserved,      21.38 MB (  2%) committed 

Chunk freelists:
   Non-Class:  896 bytes
       Class:  1.63 KB
        Both:  2.50 KB

CodeHeap 'non-profiled nmethods': size=120000Kb used=706Kb max_used=706Kb free=119293Kb
 bounds [0x00000272e2570000, 0x00000272e27e0000, 0x00000272e9aa0000]
CodeHeap 'profiled nmethods': size=120000Kb used=3578Kb max_used=3578Kb free=116421Kb
 bounds [0x00000272db040000, 0x00000272db3c0000, 0x00000272e2570000]
CodeHeap 'non-nmethods': size=5760Kb used=1709Kb max_used=1742Kb free=4050Kb
 bounds [0x00000272daaa0000, 0x00000272dad10000, 0x00000272db040000]
 total_blobs=3231 nmethods=1885 adapters=1258
 compilation: enabled
              stopped_count=0, restarted_count=0
 full_count=0

Compilation events (10 events):
Event: 4.087 Thread 0x00000272f6922000 1881 %     3       fontrenderer.Fonts.CFont::uploadTexture @ 63 (224 bytes)
Event: 4.089 Thread 0x00000272f6922000 nmethod 1881% 0x00000272db3b9c10 code [0x00000272db3b9fc0, 0x00000272db3bb798]
Event: 4.089 Thread 0x00000272f6922000 1882       3       fontrenderer.Fonts.CFont::uploadTexture (224 bytes)
Event: 4.092 Thread 0x00000272f6922000 nmethod 1882 0x00000272db3bc190 code [0x00000272db3bc520, 0x00000272db3bdbd8]
Event: 4.092 Thread 0x00000272f602e800 1883 %     4       fontrenderer.Fonts.CFont::uploadTexture @ 63 (224 bytes)
Event: 4.101 Thread 0x00000272f602e800 nmethod 1883% 0x00000272e261f790 code [0x00000272e261f9a0, 0x00000272e261ff80]
Event: 4.106 Thread 0x00000272f6922000 1884       1       java.awt.image.Raster::getHeight (5 bytes)
Event: 4.106 Thread 0x00000272f6922000 nmethod 1884 0x00000272e2620590 code [0x00000272e2620720, 0x00000272e26207d8]
Event: 4.109 Thread 0x00000272f6922000 1885       3       java.awt.image.BufferedImage::getHeight (8 bytes)
Event: 4.109 Thread 0x00000272f6922000 nmethod 1885 0x00000272db3be510 code [0x00000272db3be6a0, 0x00000272db3be7b8]

GC Heap History (4 events):
Event: 1.922 GC heap before
{Heap before GC invocations=0 (full 0):
 garbage-first heap   total 260096K, used 23552K [0x0000000702000000, 0x0000000800000000)
  region size 1024K, 24 young (24576K), 0 survivors (0K)
 Metaspace       used 15289K, capacity 15562K, committed 15872K, reserved 1064960K
  class space    used 1149K, capacity 1228K, committed 1280K, reserved 1048576K
}
Event: 1.931 GC heap after
{Heap after GC invocations=1 (full 0):
 garbage-first heap   total 260096K, used 3323K [0x0000000702000000, 0x0000000800000000)
  region size 1024K, 3 young (3072K), 3 survivors (3072K)
 Metaspace       used 15289K, capacity 15562K, committed 15872K, reserved 1064960K
  class space    used 1149K, capacity 1228K, committed 1280K, reserved 1048576K
}
Event: 3.260 GC heap before
{Heap before GC invocations=1 (full 0):
 garbage-first heap   total 260096K, used 58619K [0x0000000702000000, 0x0000000800000000)
  region size 1024K, 22 young (22528K), 3 survivors (3072K)
 Metaspace       used 20792K, capacity 21225K, committed 21248K, reserved 1069056K
  class space    used 1620K, capacity 1778K, committed 1792K, reserved 1048576K
}
Event: 3.268 GC heap after
{Heap after GC invocations=2 (full 0):
 garbage-first heap   total 260096K, used 43259K [0x0000000702000000, 0x0000000800000000)
  region size 1024K, 6 young (6144K), 6 survivors (6144K)
 Metaspace       used 20792K, capacity 21225K, committed 21248K, reserved 1069056K
  class space    used 1620K, capacity 1778K, committed 1792K, reserved 1048576K
}

Deoptimization events (10 events):
Event: 3.119 Thread 0x00000272d25de800 Uncommon trap: reason=unstable_fused_if action=reinterpret pc=0x00000272e260aed0 method=sun.font.CMap.getControlCodeGlyph(IZ)I @ 3 c2
Event: 3.119 Thread 0x00000272d25de800 Uncommon trap: reason=unstable_fused_if action=reinterpret pc=0x00000272e26056a8 method=sun.font.CMap.getControlCodeGlyph(IZ)I @ 3 c2
Event: 3.119 Thread 0x00000272d25de800 Uncommon trap: reason=unstable_fused_if action=reinterpret pc=0x00000272e260683c method=sun.font.CMap.getControlCodeGlyph(IZ)I @ 3 c2
Event: 3.119 Thread 0x00000272d25de800 Uncommon trap: reason=unstable_if action=reinterpret pc=0x00000272e2607648 method=sun.font.CMap.getControlCodeGlyph(IZ)I @ 3 c2
Event: 3.119 Thread 0x00000272d25de800 Uncommon trap: reason=unstable_fused_if action=reinterpret pc=0x00000272e25fc90c method=sun.font.CMap.getControlCodeGlyph(IZ)I @ 3 c2
Event: 3.119 Thread 0x00000272d25de800 Uncommon trap: reason=unstable_fused_if action=reinterpret pc=0x00000272e2608978 method=sun.font.CMap.getControlCodeGlyph(IZ)I @ 3 c2
Event: 3.159 Thread 0x00000272d25de800 Uncommon trap: reason=unstable_if action=reinterpret pc=0x00000272e25766d4 method=java.lang.StringLatin1.canEncode(I)Z @ 4 c2
Event: 3.282 Thread 0x00000272d25de800 Uncommon trap: reason=unstable_if action=reinterpret pc=0x00000272e25eab58 method=java.lang.ref.SoftReference.get()Ljava/lang/Object; @ 6 c2
Event: 3.283 Thread 0x00000272d25de800 Uncommon trap: reason=unstable_if action=reinterpret pc=0x00000272e25de0e4 method=sun.font.TrueTypeFont.getDirectoryEntry(I)Lsun/font/TrueTypeFont$DirectoryEntry; @ 7 c2
Event: 3.286 Thread 0x00000272d25de800 Uncommon trap: reason=unstable_if action=reinterpret pc=0x00000272e25eebf8 method=sun.font.TrueTypeFont.getTableBuffer(I)Ljava/nio/ByteBuffer; @ 9 c2

Classes redefined (0 events):
No events

Internal exceptions (10 events):
Event: 2.162 Thread 0x00000272d25de800 Exception <a 'java/lang/NoSuchMethodError'{0x000000071195d590}: java.lang.invoke.DelegatingMethodHandle$Holder.reinvoke_L(Ljava/lang/Object;IILjava/lang/Object;Ljava/lang/Object;Ljava/lang/Object;)Ljava/lang/Object;> (0x000000071195d590) thrown at [./open
Event: 2.162 Thread 0x00000272d25de800 Exception <a 'java/lang/NoSuchMethodError'{0x0000000711961818}: java.lang.invoke.DirectMethodHandle$Holder.invokeStatic(Ljava/lang/Object;Ljava/lang/Object;Ljava/lang/Object;Ljava/lang/Object;I)Ljava/lang/Object;> (0x0000000711961818) thrown at [./open/sr
Event: 2.172 Thread 0x00000272d25de800 Exception <a 'java/io/FileNotFoundException'{0x00000007119c4288}> (0x00000007119c4288) thrown at [./open/src/hotspot/share/prims/jni.cpp, line 611]
Event: 2.334 Thread 0x0000027280611000 Exception <a 'java/lang/NoSuchMethodError'{0x0000000711605248}: java.lang.invoke.DirectMethodHandle$Holder.invokeSpecial(Ljava/lang/Object;Ljava/lang/Object;)V> (0x0000000711605248) thrown at [./open/src/hotspot/share/interpreter/linkResolver.cpp, line 77
Event: 2.339 Thread 0x00000272d25de800 Exception <a 'java/lang/NoSuchMethodError'{0x00000007117d8348}: java.lang.invoke.DirectMethodHandle$Holder.invokeStatic(Ljava/lang/Object;Ljava/lang/Object;Ljava/lang/Object;Ljava/lang/Object;Ljava/lang/Object;Ljava/lang/Object;Ljava/lang/Object;Ljava/lan
Event: 2.341 Thread 0x00000272d25de800 Exception <a 'java/lang/NoSuchMethodError'{0x00000007117f2280}: java.lang.invoke.DirectMethodHandle$Holder.invokeStatic(Ljava/lang/Object;Ljava/lang/Object;Ljava/lang/Object;Ljava/lang/Object;Ljava/lang/Object;Ljava/lang/Object;Ljava/lang/Object;Ljava/lan
Event: 2.356 Thread 0x00000272d25de800 Exception <a 'java/lang/NoSuchMethodError'{0x00000007116c85b0}: java.lang.invoke.DirectMethodHandle$Holder.invokeStatic(Ljava/lang/Object;Ljava/lang/Object;Ljava/lang/Object;Ljava/lang/Object;Ljava/lang/Object;Ljava/lang/Object;Ljava/lang/Object;Ljava/lan
Event: 2.358 Thread 0x00000272d25de800 Exception <a 'java/lang/NoSuchMethodError'{0x00000007116e6288}: java.lang.invoke.DirectMethodHandle$Holder.invokeStatic(Ljava/lang/Object;Ljava/lang/Object;Ljava/lang/Object;Ljava/lang/Object;Ljava/lang/Object;Ljava/lang/Object;Ljava/lang/Object;Ljava/lan
Event: 2.362 Thread 0x00000272d25de800 Exception <a 'java/lang/NoSuchMethodError'{0x00000007115054c0}: java.lang.invoke.DirectMethodHandle$Holder.invokeStatic(Ljava/lang/Object;Ljava/lang/Object;Ljava/lang/Object;Ljava/lang/Object;Ljava/lang/Object;Ljava/lang/Object;Ljava/lang/Object;Ljava/lan
Event: 2.365 Thread 0x00000272d25de800 Exception <a 'java/lang/NoSuchMethodError'{0x00000007115258d0}: java.lang.invoke.DirectMethodHandle$Holder.invokeStatic(Ljava/lang/Object;Ljava/lang/Object;Ljava/lang/Object;Ljava/lang/Object;Ljava/lang/Object;Ljava/lang/Object;Ljava/lang/Object;Ljava/lan

Events (10 events):
Event: 3.440 loading class java/util/DualPivotQuicksort
Event: 3.440 loading class java/util/DualPivotQuicksort done
Event: 3.481 Thread 0x000002728050c000 Thread exited: 0x000002728050c000
Event: 3.826 Thread 0x0000027290c25800 Thread added: 0x0000027290c25800
Event: 3.826 Thread 0x0000027290c26800 Thread added: 0x0000027290c26800
Event: 3.869 Thread 0x00000272d25de800 DEOPT PACKING pc=0x00000272db3b7632 sp=0x000000ae3d9fead0
Event: 3.869 Thread 0x00000272d25de800 DEOPT UNPACKING pc=0x00000272daac705e sp=0x000000ae3d9fe010 mode 0
Event: 4.072 Thread 0x0000027290c26800 Thread exited: 0x0000027290c26800
Event: 4.102 Thread 0x00000272d25de800 DEOPT PACKING pc=0x00000272db3bb417 sp=0x000000ae3d9fea90
Event: 4.102 Thread 0x00000272d25de800 DEOPT UNPACKING pc=0x00000272daac705e sp=0x000000ae3d9fe0e8 mode 0


Dynamic libraries:
0x00007ff72eae0000 - 0x00007ff72eaef000 	C:\Users\twu42\.jdks\jdk 11\bin\java.exe
0x00007ffe6f0a0000 - 0x00007ffe6f2a9000 	C:\WINDOWS\SYSTEM32\ntdll.dll
0x00007ffe6e450000 - 0x00007ffe6e50d000 	C:\WINDOWS\System32\KERNEL32.DLL
0x00007ffe6cbc0000 - 0x00007ffe6cf34000 	C:\WINDOWS\System32\KERNELBASE.dll
0x00007ffe6c590000 - 0x00007ffe6c6a1000 	C:\WINDOWS\System32\ucrtbase.dll
0x00007ffe41440000 - 0x00007ffe41455000 	C:\Users\twu42\.jdks\jdk 11\bin\VCRUNTIME140.dll
0x00007ffe4da40000 - 0x00007ffe4da58000 	C:\Users\twu42\.jdks\jdk 11\bin\jli.dll
0x00007ffe6e720000 - 0x00007ffe6e7ce000 	C:\WINDOWS\System32\ADVAPI32.dll
0x00007ffe6d060000 - 0x00007ffe6d103000 	C:\WINDOWS\System32\msvcrt.dll
0x00007ffe6e8c0000 - 0x00007ffe6e95e000 	C:\WINDOWS\System32\sechost.dll
0x00007ffe6d110000 - 0x00007ffe6d230000 	C:\WINDOWS\System32\RPCRT4.dll
0x00007ffe6e960000 - 0x00007ffe6eb0c000 	C:\WINDOWS\System32\USER32.dll
0x00007ffe5b260000 - 0x00007ffe5b505000 	C:\WINDOWS\WinSxS\amd64_microsoft.windows.common-controls_6595b64144ccf1df_6.0.22000.120_none_9d947278b86cc467\COMCTL32.dll
0x00007ffe6cb90000 - 0x00007ffe6cbb6000 	C:\WINDOWS\System32\win32u.dll
0x00007ffe6e550000 - 0x00007ffe6e579000 	C:\WINDOWS\System32\GDI32.dll
0x00007ffe6ca70000 - 0x00007ffe6cb82000 	C:\WINDOWS\System32\gdi32full.dll
0x00007ffe6c6b0000 - 0x00007ffe6c74d000 	C:\WINDOWS\System32\msvcp_win.dll
0x00007ffe63e30000 - 0x00007ffe63e3a000 	C:\WINDOWS\SYSTEM32\VERSION.dll
0x00007ffe6e510000 - 0x00007ffe6e541000 	C:\WINDOWS\System32\IMM32.DLL
0x00007ffe25970000 - 0x00007ffe25a0b000 	C:\Users\twu42\.jdks\jdk 11\bin\msvcp140.dll
0x00007ffdd6450000 - 0x00007ffdd6f4f000 	C:\Users\twu42\.jdks\jdk 11\bin\server\jvm.dll
0x00007ffe6d770000 - 0x00007ffe6d778000 	C:\WINDOWS\System32\PSAPI.DLL
0x00007ffe52bb0000 - 0x00007ffe52bb9000 	C:\WINDOWS\SYSTEM32\WSOCK32.dll
0x00007ffe64dd0000 - 0x00007ffe64e03000 	C:\WINDOWS\SYSTEM32\WINMM.dll
0x00007ffe6e6a0000 - 0x00007ffe6e70f000 	C:\WINDOWS\System32\WS2_32.dll
0x00007ffe6b780000 - 0x00007ffe6b798000 	C:\WINDOWS\SYSTEM32\kernel.appcore.dll
0x00007ffe587e0000 - 0x00007ffe587f0000 	C:\Users\twu42\.jdks\jdk 11\bin\verify.dll
0x00007ffe6abe0000 - 0x00007ffe6ae01000 	C:\WINDOWS\SYSTEM32\DBGHELP.DLL
0x00007ffe5bc40000 - 0x00007ffe5bc71000 	C:\WINDOWS\SYSTEM32\dbgcore.DLL
0x00007ffe6c9f0000 - 0x00007ffe6ca6f000 	C:\WINDOWS\System32\bcryptPrimitives.dll
0x00007ffe40650000 - 0x00007ffe40678000 	C:\Users\twu42\.jdks\jdk 11\bin\java.dll
0x00007ffe57e70000 - 0x00007ffe57e7a000 	C:\Users\twu42\.jdks\jdk 11\bin\jimage.dll
0x00007ffe3f730000 - 0x00007ffe3f746000 	C:\Users\twu42\.jdks\jdk 11\bin\zip.dll
0x00007ffe6d7a0000 - 0x00007ffe6df4e000 	C:\WINDOWS\System32\SHELL32.dll
0x00007ffe6a260000 - 0x00007ffe6aac8000 	C:\WINDOWS\SYSTEM32\windows.storage.dll
0x00007ffe6d230000 - 0x00007ffe6d5a8000 	C:\WINDOWS\System32\combase.dll
0x00007ffe6a0f0000 - 0x00007ffe6a256000 	C:\WINDOWS\SYSTEM32\wintypes.dll
0x00007ffe6e7d0000 - 0x00007ffe6e8ba000 	C:\WINDOWS\System32\SHCORE.dll
0x00007ffe6e320000 - 0x00007ffe6e37d000 	C:\WINDOWS\System32\shlwapi.dll
0x00007ffe6c4c0000 - 0x00007ffe6c4e1000 	C:\WINDOWS\SYSTEM32\profapi.dll
0x00007ffe3ea50000 - 0x00007ffe3ea69000 	C:\Users\twu42\.jdks\jdk 11\bin\net.dll
0x00007ffe63640000 - 0x00007ffe6374c000 	C:\WINDOWS\SYSTEM32\WINHTTP.dll
0x00007ffe6bbb0000 - 0x00007ffe6bc17000 	C:\WINDOWS\system32\mswsock.dll
0x00007ffe3d3d0000 - 0x00007ffe3d3e2000 	C:\Users\twu42\.jdks\jdk 11\bin\nio.dll
0x00007ffe54320000 - 0x00007ffe54384000 	C:\Users\twu42\AppData\Local\Temp\lwjgltwu42\3.2.3-build-13\lwjgl.dll
0x00007ffe3c2d0000 - 0x00007ffe3c332000 	C:\Users\twu42\AppData\Local\Temp\lwjgltwu42\3.2.3-build-13\glfw.dll
0x00007ffe693e0000 - 0x00007ffe6948c000 	C:\WINDOWS\system32\uxtheme.dll
0x00007ffe3d680000 - 0x00007ffe3d6c5000 	C:\WINDOWS\SYSTEM32\dinput8.dll
0x00007ffe591d0000 - 0x00007ffe591e1000 	C:\WINDOWS\SYSTEM32\xinput1_4.dll
0x00007ffe6c2a0000 - 0x00007ffe6c2ec000 	C:\WINDOWS\SYSTEM32\cfgmgr32.dll
0x00007ffe6c270000 - 0x00007ffe6c29c000 	C:\WINDOWS\SYSTEM32\DEVOBJ.dll
0x00007ffe69bd0000 - 0x00007ffe69bff000 	C:\WINDOWS\SYSTEM32\dwmapi.dll
0x00007ffe47ca0000 - 0x00007ffe47e69000 	C:\WINDOWS\SYSTEM32\inputhost.dll
0x00007ffe69010000 - 0x00007ffe69142000 	C:\WINDOWS\SYSTEM32\CoreMessaging.dll
0x00007ffe6e580000 - 0x00007ffe6e69e000 	C:\WINDOWS\System32\MSCTF.dll
0x00007ffe6be10000 - 0x00007ffe6be1c000 	C:\WINDOWS\SYSTEM32\CRYPTBASE.DLL
0x00007ffe6af80000 - 0x00007ffe6af8e000 	C:\WINDOWS\SYSTEM32\HID.DLL
0x00007ffe6ebf0000 - 0x00007ffe6f05c000 	C:\WINDOWS\System32\SETUPAPI.DLL
0x00007ffe6c750000 - 0x00007ffe6c7b7000 	C:\WINDOWS\System32\WINTRUST.dll
0x00007ffe6c880000 - 0x00007ffe6c9e2000 	C:\WINDOWS\System32\CRYPT32.dll
0x00007ffe6be50000 - 0x00007ffe6be62000 	C:\WINDOWS\SYSTEM32\MSASN1.dll
0x00007ffe2f060000 - 0x00007ffe2f161000 	C:\WINDOWS\SYSTEM32\opengl32.dll
0x00007ffe30a90000 - 0x00007ffe30abd000 	C:\WINDOWS\SYSTEM32\GLU32.dll
0x00007ffe69710000 - 0x00007ffe69748000 	C:\WINDOWS\SYSTEM32\dxcore.dll
0x00007ffe67a40000 - 0x00007ffe67a84000 	C:\WINDOWS\SYSTEM32\directxdatabasehelper.dll
0x00007ffe69830000 - 0x00007ffe69864000 	C:\WINDOWS\SYSTEM32\ntmarta.dll
0x00007ffe6cf40000 - 0x00007ffe6cfef000 	C:\WINDOWS\System32\clbcatq.dll
0x00007ffdd3c20000 - 0x00007ffdd4c32000 	C:\WINDOWS\System32\DriverStore\FileRepository\iigd_dch.inf_amd64_1dc9fc8d5e442f6a\ig9icd64.dll
0x00007ffe6e040000 - 0x00007ffe6e1da000 	C:\WINDOWS\System32\ole32.dll
0x00007ffe695c0000 - 0x00007ffe696b3000 	C:\WINDOWS\system32\dxgi.dll
0x00007ffdfefe0000 - 0x00007ffdff2c7000 	C:\WINDOWS\System32\DriverStore\FileRepository\iigd_dch.inf_amd64_1dc9fc8d5e442f6a\igdml64.dll
0x00007ffe62fc0000 - 0x00007ffe63387000 	C:\WINDOWS\System32\DriverStore\FileRepository\iigd_dch.inf_amd64_1dc9fc8d5e442f6a\igdgmm64.dll
0x00007ffe5c7f0000 - 0x00007ffe5fda2000 	C:\WINDOWS\System32\DriverStore\FileRepository\iigd_dch.inf_amd64_1dc9fc8d5e442f6a\igc64.dll
0x00007ffe6af90000 - 0x00007ffe6afdd000 	C:\WINDOWS\SYSTEM32\powrprof.dll
0x00007ffe6b080000 - 0x00007ffe6b093000 	C:\WINDOWS\SYSTEM32\UMPDC.dll
0x00007ffe47b70000 - 0x00007ffe47c9d000 	C:\WINDOWS\SYSTEM32\textinputframework.dll
0x00007ffe6eb10000 - 0x00007ffe6ebe6000 	C:\WINDOWS\System32\OLEAUT32.dll
0x00007ffe66d20000 - 0x00007ffe6708d000 	C:\WINDOWS\SYSTEM32\CoreUIComponents.dll
0x00007ffe41670000 - 0x00007ffe416d9000 	C:\WINDOWS\system32\Oleacc.dll
0x00007ffe3d540000 - 0x00007ffe3d599000 	C:\Users\twu42\AppData\Local\Temp\lwjgltwu42\3.2.3-build-13\lwjgl_opengl.dll
0x000000006f6c0000 - 0x000000006f898000 	C:\Users\twu42\AppData\Local\Temp\imgui-java-bin_twu42\imgui-java64.dll
0x00007ffe6bdf0000 - 0x00007ffe6be08000 	C:\WINDOWS\SYSTEM32\CRYPTSP.dll
0x00007ffe6b6e0000 - 0x00007ffe6b715000 	C:\WINDOWS\system32\rsaenh.dll
0x00007ffe1e380000 - 0x00007ffe1e3f7000 	C:\Users\twu42\AppData\Local\Temp\lwjgltwu42\3.2.3-build-13\lwjgl_stb.dll
0x00007ffdff4c0000 - 0x00007ffdff65a000 	C:\Users\twu42\.jdks\jdk 11\bin\awt.dll
0x00007ffe69300000 - 0x00007ffe69391000 	C:\WINDOWS\SYSTEM32\apphelp.dll
0x00007ffe1d590000 - 0x00007ffe1d616000 	C:\Users\twu42\.jdks\jdk 11\bin\freetype.dll
0x00007ffe17df0000 - 0x00007ffe17e92000 	C:\Users\twu42\.jdks\jdk 11\bin\fontmanager.dll

dbghelp: loaded successfully - version: 4.0.5 - missing functions: none
symbol engine: initialized successfully - sym options: 0x614 - pdb path: .;C:\Users\twu42\.jdks\jdk 11\bin;C:\WINDOWS\SYSTEM32;C:\WINDOWS\WinSxS\amd64_microsoft.windows.common-controls_6595b64144ccf1df_6.0.22000.120_none_9d947278b86cc467;C:\Users\twu42\.jdks\jdk 11\bin\server;C:\Users\twu42\AppData\Local\Temp\lwjgltwu42\3.2.3-build-13;C:\WINDOWS\System32\DriverStore\FileRepository\iigd_dch.inf_amd64_1dc9fc8d5e442f6a;C:\Users\twu42\AppData\Local\Temp\imgui-java-bin_twu42

VM Arguments:
jvm_args: -Dfile.encoding=windows-1252 -Duser.country=US -Duser.language=en -Duser.variant -ea 
java_command: Main
java_class_path (initial): C:\Users\twu42\IdeaProjects\Platformer\build\classes\java\main;C:\Users\twu42\IdeaProjects\Platformer\build\resources\main;C:\Users\twu42\IdeaProjects\Platformer\libs\jbox2d-library.jar;C:\Users\twu42\.gradle\caches\modules-2\files-2.1\com.google.code.gson\gson\2.8.7\69d9503ea0a40ee16f0bcdac7e3eaf83d0fa914a\gson-2.8.7.jar;C:\Users\twu42\.gradle\caches\modules-2\files-2.1\io.imgui.java\lwjgl3\1.77-0.17.1\926c27057933eb6000d1bcf93c396e00cf397b14\lwjgl3-1.77-0.17.1.jar;C:\Users\twu42\.gradle\caches\modules-2\files-2.1\io.imgui.java\binding\1.77-0.17.1\7871bc35cf8b3acae98d9019bf7c59b1c0a92f10\binding-1.77-0.17.1.jar;C:\Users\twu42\.gradle\caches\modules-2\files-2.1\org.lwjgl\lwjgl-assimp\3.2.3\f62aa07a20afbdd3097efc296c4841e0d29700eb\lwjgl-assimp-3.2.3.jar;C:\Users\twu42\.gradle\caches\modules-2\files-2.1\org.lwjgl\lwjgl-assimp\3.2.3\4e60aeb75f0343c4a9ede4ef8b6b32ca702a00a3\lwjgl-assimp-3.2.3-natives-windows.jar;C:\Users\twu42\.gradle\caches\modules-2\files-2.1\org.lwjgl\lwjgl-glfw\3.2.3\5e520d5c290c8b012545a8d34fa5db5ab051ea53\lwjgl-glfw-3.2.3.jar;C:\Users\twu42\.gradle\caches\modules-2\files-2.1\org.lwjgl\lwjgl-glfw\3.2.3\b4d8a3477cdc2edcf7a5f1e822926be846223f54\lwjgl-glfw-3.2.3-natives-windows.jar;C:\Users\twu42\.gradle\caches\modules-2\files-2.1\org.lwjgl\lwjgl-nfd\3.2.3\c44fee1043c022cf6614a28872d44cf114ca7737\lwjgl-nfd-3.2.3.jar;C:\Users\twu42\.gradle\caches\modules-2\files-2.1\org.lwjgl\lwjgl-nfd\3.2.3\32782f5f5c57769efb82af864e70b819c77bc891\lwjgl-nfd-3.2.3-natives-windows.jar;C:\Users\twu42\.gradle\caches\modules-2\files-2.1\org.lwjgl\lwjgl-openal\3.2.3\106742e805803ab9eab8e343f0fb31a3d263903c\lwjgl-openal-3.2.3.jar;C:\Users\twu42\.gradle\caches\modules-2\files-2.1\org.lwjgl\lwjgl-openal\3.2.3\ec898e8ce11b5886f4f532a1536283ef2817758d\lwjgl-openal-3.2.3-natives-windows.jar;C:\Users\twu42\.gradle\caches\modules-2\files-2.1\org.lwjgl\lwjgl-opengl\3.2.3\bdd534a323d0c8f54969b95e424b6ac8984f7d6e\lwjgl-opengl-3.2.3.jar;C:\Users\twu42\.grad
Launcher Type: SUN_STANDARD

[Global flags]
     intx CICompilerCount                          = 4                                         {product} {ergonomic}
     uint ConcGCThreads                            = 2                                         {product} {ergonomic}
     uint G1ConcRefinementThreads                  = 8                                         {product} {ergonomic}
   size_t G1HeapRegionSize                         = 1048576                                   {product} {ergonomic}
    uintx GCDrainStackTargetSize                   = 64                                        {product} {ergonomic}
   size_t InitialHeapSize                          = 266338304                                 {product} {ergonomic}
   size_t MarkStackSize                            = 4194304                                   {product} {ergonomic}
   size_t MaxHeapSize                              = 4261412864                                {product} {ergonomic}
   size_t MaxNewSize                               = 2556428288                                {product} {ergonomic}
   size_t MinHeapDeltaBytes                        = 1048576                                   {product} {ergonomic}
    uintx NonNMethodCodeHeapSize                   = 5836300                                {pd product} {ergonomic}
    uintx NonProfiledCodeHeapSize                  = 122910970                              {pd product} {ergonomic}
    uintx ProfiledCodeHeapSize                     = 122910970                              {pd product} {ergonomic}
    uintx ReservedCodeCacheSize                    = 251658240                              {pd product} {ergonomic}
     bool SegmentedCodeCache                       = true                                      {product} {ergonomic}
     bool UseCompressedClassPointers               = true                                 {lp64_product} {ergonomic}
     bool UseCompressedOops                        = true                                 {lp64_product} {ergonomic}
     bool UseG1GC                                  = true                                      {product} {ergonomic}
     bool UseLargePagesIndividualAllocation        = false                                  {pd product} {ergonomic}

Logging:
Log output configuration:
 #0: stdout all=warning uptime,level,tags
 #1: stderr all=off uptime,level,tags

Environment Variables:
JAVA_HOME=C:\Program Files\Java\jre1.8.0_311\bin\java.exe
PATH=C:\Program Files\Common Files\Oracle\Java\javapath;C:\Program Files (x86)\Common Files\Oracle\Java\javapath;C:\Program Files (x86)\Intel\Intel(R) Management Engine Components\iCLS\;C:\Program Files\Intel\Intel(R) Management Engine Components\iCLS\;C:\Windows\system32;C:\Windows;C:\Windows\System32\Wbem;C:\Windows\System32\WindowsPowerShell\v1.0\;C:\Program Files (x86)\Intel\Intel(R) Management Engine Components\DAL;C:\Program Files\Intel\Intel(R) Management Engine Components\DAL;C:\Program Files (x86)\Intel\Intel(R) Management Engine Components\IPT;C:\Program Files\Intel\Intel(R) Management Engine Components\IPT;C:\Program Files (x86)\NVIDIA Corporation\PhysX\Common;C:\WINDOWS\system32;C:\WINDOWS;C:\WINDOWS\System32\Wbem;C:\WINDOWS\System32\WindowsPowerShell\v1.0\;C:\WINDOWS\System32\OpenSSH\;C:\Program Files\Process Lasso\;C:\Program Files\NVIDIA Corporation\NVIDIA NvDLISR;C:\Program Files\dotnet\;C:\Users\twu42\Downloads\SandShip\apktool.bat;C:\Program Files\Animation Paper\gstreamer\bin;C:\WINDOWS\system32;C:\WINDOWS;C:\WINDOWS\System32\Wbem;C:\WINDOWS\System32\WindowsPowerShell\v1.0\;C:\WINDOWS\System32\OpenSSH\;c:\windows\system32\KERNEL32.DLL;"C:\Windows\system32;C:\Windows;C:\Windows\System32\Wbem;C:\Windows\System32\WindowsPowerShell\v1.0\";C:\Program Files\PuTTY\;C:\Program Files\nodejs\;C:\Users\twu42\Downloads\FontRendering-adfd881b2bf75df9ea0e981ec4cb35657e0717ea\FontRendering-adfd881b2bf75df9ea0e981ec4cb35657e0717ea\libs;C:\Users\twu42\AppData\Local\Programs\Microsoft VS Code\bin;C:\Users\twu42\AppData\Roaming\npm
USERNAME=twu42
OS=Windows_NT
PROCESSOR_IDENTIFIER=Intel64 Family 6 Model 142 Stepping 10, GenuineIntel



---------------  S Y S T E M  ---------------

OS: Windows 10 , 64 bit Build 22000 (10.0.22000.434)

CPU:total 8 (initial active 8) (4 cores per cpu, 2 threads per core) family 6 model 142 stepping 10 microcode 0xe0, cmov, cx8, fxsr, mmx, sse, sse2, sse3, ssse3, sse4.1, sse4.2, popcnt, avx, avx2, aes, clmul, erms, 3dnowpref, lzcnt, ht, tsc, tscinvbit, bmi1, bmi2, adx, fma

Memory: 4k page, system-wide physical 16250M (4442M free)
TotalPageFile size 32634M (AvailPageFile size 13428M)
current process WorkingSet (physical memory assigned to process): 455M, peak: 455M
current process commit charge ("private bytes"): 708M, peak: 708M

vm_info: Java HotSpot(TM) 64-Bit Server VM (11.0.12+8-LTS-237) for windows-amd64 JRE (11.0.12+8-LTS-237), built on Jun  8 2021 11:25:59 by "mach5one" with MS VC++ 15.9 (VS2017)

END.
